{
  "RSpec": {
    "coverage": {
      "/Users/diraulo/Developer/craftacademy/students/june-2017/rails_messaging_june17/app/controllers/application_controller.rb": [
        0,
        0,
        0,
        0,
        0,
        0,
        0,
        0,
        0,
        0,
        0,
        0,
        0,
        0,
        0,
        0,
        0,
        0,
        0,
        0,
        0,
        0,
        0,
        0,
        0,
        0
      ],
      "/Users/diraulo/Developer/craftacademy/students/june-2017/rails_messaging_june17/app/controllers/conversations_controller.rb": [
        0,
        0,
        0,
        0,
        0,
        0,
        0,
        0,
        0,
        0,
        0,
        0,
        0,
        0,
        0,
        0,
        0,
        0,
        0,
        0,
        0,
        0,
        0,
        0,
        0,
        0,
        0,
        0,
        0,
        0,
        0,
        0,
        0,
        0,
        0,
        0,
        0,
        0,
        0,
        0,
        0,
        0,
        0,
        0,
        0,
        0
      ],
      "/Users/diraulo/Developer/craftacademy/students/june-2017/rails_messaging_june17/app/controllers/mailbox_controller.rb": [
        0,
        0,
        0,
        0,
        0,
        0,
        0,
        0,
        0,
        0,
        0,
        0,
        0,
        0,
        0,
        0,
        0,
        0
      ],
      "/Users/diraulo/Developer/craftacademy/students/june-2017/rails_messaging_june17/app/controllers/welcome_controller.rb": [
        0,
        0,
        0,
        0
      ],
      "/Users/diraulo/Developer/craftacademy/students/june-2017/rails_messaging_june17/app/helpers/application_helper.rb": [
        0,
        0,
        0,
        0,
        0,
        0,
        0,
        0,
        0,
        0,
        0,
        0,
        0
      ],
      "/Users/diraulo/Developer/craftacademy/students/june-2017/rails_messaging_june17/app/helpers/mailbox_helper.rb": [
        0,
        0,
        0,
        0,
        0,
        0,
        0
      ],
      "/Users/diraulo/Developer/craftacademy/students/june-2017/rails_messaging_june17/app/models/application_record.rb": [
        0,
        0,
        0
      ],
      "/Users/diraulo/Developer/craftacademy/students/june-2017/rails_messaging_june17/app/models/user.rb": [
        0,
        0,
        0,
        0,
        0,
        0,
        0,
        0,
        0,
        0,
        0,
        0,
        0,
        0,
        0,
        0,
        0,
        0,
        0,
        0
      ]
    },
    "timestamp": 1501059226
  },
  "Cucumber Features": {
    "coverage": {
      "/Users/diraulo/Developer/craftacademy/students/june-2017/rails_messaging_june17/app/models/user.rb": [
        1,
        null,
        null,
        1,
        null,
        null,
        1,
        1,
        1,
        null,
        1,
        null,
        1,
        0,
        null,
        null,
        1,
        0,
        null,
        null
      ],
      "/Users/diraulo/Developer/craftacademy/students/june-2017/rails_messaging_june17/app/models/application_record.rb": [
        1,
        1,
        null
      ],
      "/Users/diraulo/Developer/craftacademy/students/june-2017/rails_messaging_june17/app/controllers/application_controller.rb": [
        0,
        0,
        0,
        0,
        0,
        0,
        0,
        0,
        0,
        0,
        0,
        0,
        0,
        0,
        0,
        0,
        0,
        0,
        0,
        0,
        0,
        0,
        0,
        0,
        0,
        0
      ],
      "/Users/diraulo/Developer/craftacademy/students/june-2017/rails_messaging_june17/app/controllers/conversations_controller.rb": [
        0,
        0,
        0,
        0,
        0,
        0,
        0,
        0,
        0,
        0,
        0,
        0,
        0,
        0,
        0,
        0,
        0,
        0,
        0,
        0,
        0,
        0,
        0,
        0,
        0,
        0,
        0,
        0,
        0,
        0,
        0,
        0,
        0,
        0,
        0,
        0,
        0,
        0,
        0,
        0,
        0,
        0,
        0,
        0,
        0,
        0
      ],
      "/Users/diraulo/Developer/craftacademy/students/june-2017/rails_messaging_june17/app/controllers/mailbox_controller.rb": [
        0,
        0,
        0,
        0,
        0,
        0,
        0,
        0,
        0,
        0,
        0,
        0,
        0,
        0,
        0,
        0,
        0,
        0
      ],
      "/Users/diraulo/Developer/craftacademy/students/june-2017/rails_messaging_june17/app/controllers/welcome_controller.rb": [
        0,
        0,
        0,
        0
      ],
      "/Users/diraulo/Developer/craftacademy/students/june-2017/rails_messaging_june17/app/helpers/application_helper.rb": [
        0,
        0,
        0,
        0,
        0,
        0,
        0,
        0,
        0,
        0,
        0,
        0,
        0
      ],
      "/Users/diraulo/Developer/craftacademy/students/june-2017/rails_messaging_june17/app/helpers/mailbox_helper.rb": [
        0,
        0,
        0,
        0,
        0,
        0,
        0
      ]
    },
    "timestamp": 1501059229
  }
}
